Arguments: 
  /usr/local/bin/node /usr/local/bin/yarn add styled-componenets

PATH: 
  /Users/karenbutler/google-cloud-sdk/bin:/usr/local/bin:/usr/bin:/bin:/usr/sbin:/sbin:/usr/local/go/bin

Yarn version: 
  1.7.0

Node version: 
  8.11.3

Platform: 
  darwin x64

Trace: 
  Error: https://registry.yarnpkg.com/styled-componenets: Not found
      at Request.params.callback [as _callback] (/usr/local/lib/node_modules/yarn/lib/cli.js:65656:18)
      at Request.self.callback (/usr/local/lib/node_modules/yarn/lib/cli.js:134675:22)
      at emitTwo (events.js:126:13)
      at Request.emit (events.js:214:7)
      at Request.<anonymous> (/usr/local/lib/node_modules/yarn/lib/cli.js:135658:10)
      at emitOne (events.js:116:13)
      at Request.emit (events.js:211:7)
      at IncomingMessage.<anonymous> (/usr/local/lib/node_modules/yarn/lib/cli.js:135578:12)
      at Object.onceWrapper (events.js:313:30)
      at emitNone (events.js:111:20)

npm manifest: 
  {
    "name": "reactexpress",
    "version": "1.0.0",
    "description": "Starter kit",
    "main": "server.js",
    "scripts": {
      "client-install": "cd client && npm install",
      "start": "node server.js",
      "server": "nodemon server.js",
      "client": "npm start --prefix client",
      "dev": "concurrently \"npm run server\" \"npm run client\""
    },
    "author": "",
    "license": "MIT",
    "devDependencies": {},
    "dependencies": {
      "body-parser": "^1.18.3",
      "concurrently": "^3.5.1",
      "express": "^4.16.2",
      "mongoose": "^5.2.17",
      "node-fetch": "^2.2.0",
      "nodemon": "^1.18.4"
    }
  }

yarn manifest: 
  No manifest

Lockfile: 
  No lockfile
